<?xml version="1.0" encoding="UTF-8"?>
<!-- Generated by org.testng.reporters.JUnitXMLReporter -->
<testsuite ignored="0" hostname="KI-LAPTOP309" failures="0" tests="6" name="Default test" time="1.509" errors="0" timestamp="2023-03-09T16:42:55 IST">
  <testcase classname="basics.MockJasonResponse" name="getCourseTitleAndPrice" time="1.139"/>
  <testcase classname="basics.MockJasonResponse" name="getPurchaseAmount" time="0.022"/>
  <testcase classname="basics.MockJasonResponse" name="getRPAPrice" time="0.129"/>
  <testcase classname="basics.MockJasonResponse" name="getTitleofFirstCourse" time="0.022"/>
  <testcase classname="basics.MockJasonResponse" name="noOfCoursesByAPI" time="0.017"/>
  <testcase classname="basics.MockJasonResponse" name="validateTotalPrice" time="0.113"/>
</testsuite> <!-- Default test -->
